# JRE version: OpenJDK Runtime Environment (21.0.4) (build 21.0.4+-12508038-b607.1)
# Java VM: OpenJDK 64-Bit Server VM (21.0.4+-12508038-b607.1, mixed mode, tiered, compressed oops, compressed class ptrs, g1 gc, windows-amd64)
GC Precious Log:
 CardTable entry size: 512
 Card Set container configuration: InlinePtr #cards 5 size 8 Array Of Cards #cards 12 size 40 Howl #buckets 4 coarsen threshold 1843 Howl Bitmap #cards 512 size 80 coarsen threshold 460 Card regions per heap region 1 cards per card region 2048
 CPUs: 8 total, 8 available
 Memory: 7455M
 Large Page Support: Disabled
 NUMA Support: Disabled
 Compressed Oops: Enabled (32-bit)
 Heap Region Size: 1M
 Heap Min Capacity: 8M
 Heap Initial Capacity: 8M
 Heap Max Capacity: 1864M
 Pre-touch: Disabled
 Parallel Workers: 8
 Concurrent Workers: 2
 Concurrent Refinement Workers: 8
 Periodic GC: Disabled
Heap:
 garbage-first heap   total 8192K, used 1759K [0x000000008b800000, 0x0000000100000000)
  region size 1024K, 1 young (1024K), 1 survivors (1024K)
 Metaspace       used 10853K, committed 11072K, reserved 1114112K
  class space    used 1157K, committed 1280K, reserved 1048576K
GC Heap History (9 events):
Event: 0.187 GC heap before
{Heap before GC invocations=0 (full 0):
 garbage-first heap   total 8192K, used 2048K [0x000000008b800000, 0x0000000100000000)
  region size 1024K, 3 young (3072K), 0 survivors (0K)
 Metaspace       used 6928K, committed 7104K, reserved 1114112K
  class space    used 644K, committed 768K, reserved 1048576K
}
Event: 0.189 GC heap after
{Heap after GC invocations=1 (full 0):
 garbage-first heap   total 8192K, used 928K [0x000000008b800000, 0x0000000100000000)
  region size 1024K, 1 young (1024K), 1 survivors (1024K)
 Metaspace       used 6928K, committed 7104K, reserved 1114112K
  class space    used 644K, committed 768K, reserved 1048576K
}
Event: 0.247 GC heap before
{Heap before GC invocations=1 (full 0):
 garbage-first heap   total 8192K, used 2976K [0x000000008b800000, 0x0000000100000000)
  region size 1024K, 3 young (3072K), 1 survivors (1024K)
 Metaspace       used 7910K, committed 8064K, reserved 1114112K
  class space    used 752K, committed 832K, reserved 1048576K
}
Event: 0.249 GC heap after
{Heap after GC invocations=2 (full 0):
 garbage-first heap   total 8192K, used 1048K [0x000000008b800000, 0x0000000100000000)
  region size 1024K, 1 young (1024K), 1 survivors (1024K)
 Metaspace       used 7910K, committed 8064K, reserved 1114112K
  class space    used 752K, committed 832K, reserved 1048576K
}
Event: 0.324 GC heap before
{Heap before GC invocations=2 (full 0):
 garbage-first heap   total 8192K, used 3096K [0x000000008b800000, 0x0000000100000000)
  region size 1024K, 3 young (3072K), 1 survivors (1024K)
 Metaspace       used 9087K, committed 9280K, reserved 1114112K
  class space    used 894K, committed 1024K, reserved 1048576K
}
Event: 0.325 GC heap after
{Heap after GC invocations=3 (full 0):
 garbage-first heap   total 8192K, used 1130K [0x000000008b800000, 0x0000000100000000)
  region size 1024K, 1 young (1024K), 1 survivors (1024K)
 Metaspace       used 9087K, committed 9280K, reserved 1114112K
  class space    used 894K, committed 1024K, reserved 1048576K
}
Event: 0.381 GC heap before
{Heap before GC invocations=3 (full 0):
 garbage-first heap   total 8192K, used 3178K [0x000000008b800000, 0x0000000100000000)
  region size 1024K, 4 young (4096K), 1 survivors (1024K)
 Metaspace       used 9972K, committed 10176K, reserved 1114112K
  class space    used 1037K, committed 1152K, reserved 1048576K
}
Event: 0.383 GC heap after
{Heap after GC invocations=4 (full 0):
 garbage-first heap   total 8192K, used 1547K [0x000000008b800000, 0x0000000100000000)
  region size 1024K, 1 young (1024K), 1 survivors (1024K)
 Metaspace       used 9972K, committed 10176K, reserved 1114112K
  class space    used 1037K, committed 1152K, reserved 1048576K
}
Event: 0.441 GC heap before
{Heap before GC invocations=4 (full 0):
 garbage-first heap   total 8192K, used 3595K [0x000000008b800000, 0x0000000100000000)
  region size 1024K, 4 young (4096K), 1 survivors (1024K)
 Metaspace       used 10853K, committed 11072K, reserved 1114112K
  class space    used 1157K, committed 1280K, reserved 1048576K
}

